# JRE version: Java(TM) SE Runtime Environment (8.0_144-b01) (build 1.8.0_144-b01)
# Java VM: Java HotSpot(TM) Client VM (25.144-b01 mixed mode windows-x86 )
Heap:
 def new generation   total 34176K, used 29509K [0x04200000, 0x06710000, 0x0eca0000)
  eden space 30400K,  85% used [0x04200000, 0x05b40158, 0x05fb0000)
  from space 3776K,  96% used [0x06360000, 0x066f12c8, 0x06710000)
  to   space 3776K,   0% used [0x05fb0000, 0x05fb0000, 0x06360000)
 tenured generation   total 75740K, used 69388K [0x0eca0000, 0x13697000, 0x24200000)
   the space 75740K,  91% used [0x0eca0000, 0x13063008, 0x13063200, 0x13697000)
 Metaspace       used 30889K, capacity 33530K, committed 33536K, reserved 34176K
GC Heap History (10 events):
Event: 766.274 GC heap before
{Heap before GC invocations=116 (full 9):
 def new generation   total 34176K, used 30400K [0x04200000, 0x06710000, 0x0eca0000)
  eden space 30400K, 100% used [0x04200000, 0x05fb0000, 0x05fb0000)
  from space 3776K,   0% used [0x05fb0000, 0x05fb0000, 0x06360000)
  to   space 3776K,   0% used [0x06360000, 0x06360000, 0x06710000)
 tenured generation   total 75740K, used 45442K [0x0eca0000, 0x13697000, 0x24200000)
   the space 75740K,  59% used [0x0eca0000, 0x11900980, 0x11900a00, 0x13697000)
 Metaspace       used 27768K, capacity 30259K, committed 30336K, reserved 31104K
Event: 766.291 GC heap after
Heap after GC invocations=117 (full 9):
 def new generation   total 34176K, used 3776K [0x04200000, 0x06710000, 0x0eca0000)
  eden space 30400K,   0% used [0x04200000, 0x04200000, 0x05fb0000)
  from space 3776K, 100% used [0x06360000, 0x06710000, 0x06710000)
  to   space 3776K,   0% used [0x05fb0000, 0x05fb0000, 0x06360000)
 tenured generation   total 75740K, used 46523K [0x0eca0000, 0x13697000, 0x24200000)
   the space 75740K,  61% used [0x0eca0000, 0x11a0ee70, 0x11a0f000, 0x13697000)
 Metaspace       used 27768K, capacity 30259K, committed 30336K, reserved 31104K
}
Event: 770.510 GC heap before
{Heap before GC invocations=117 (full 9):
 def new generation   total 34176K, used 34100K [0x04200000, 0x06710000, 0x0eca0000)
  eden space 30400K,  99% used [0x04200000, 0x05f9d320, 0x05fb0000)
  from space 3776K, 100% used [0x06360000, 0x06710000, 0x06710000)
  to   space 3776K,   0% used [0x05fb0000, 0x05fb0000, 0x06360000)
 tenured generation   total 75740K, used 46523K [0x0eca0000, 0x13697000, 0x24200000)
   the space 75740K,  61% used [0x0eca0000, 0x11a0ee70, 0x11a0f000, 0x13697000)
 Metaspace       used 27794K, capacity 30291K, committed 30336K, reserved 31104K
Event: 770.533 GC heap after
Heap after GC invocations=118 (full 9):
 def new generation   total 34176K, used 3776K [0x04200000, 0x06710000, 0x0eca0000)
  eden space 30400K,   0% used [0x04200000, 0x04200000, 0x05fb0000)
  from space 3776K, 100% used [0x05fb0000, 0x06360000, 0x06360000)
  to   space 3776K,   0% used [0x06360000, 0x06360000, 0x06710000)
 tenured generation   total 75740K, used 51904K [0x0eca0000, 0x13697000, 0x24200000)
   the space 75740K,  68% used [0x0eca0000, 0x11f50290, 0x11f50400, 0x13697000)
 Metaspace       used 27794K, capacity 30291K, committed 30336K, reserved 31104K
}
Event: 771.479 GC heap before
{Heap before GC invocations=118 (full 9):
 def new generation   total 34176K, used 34176K [0x04200000, 0x06710000, 0x0eca0000)
  eden space 30400K, 100% used [0x04200000, 0x05fb0000, 0x05fb0000)
  from space 3776K, 100% used [0x05fb0000, 0x06360000, 0x06360000)
  to   space 3776K,   0% used [0x06360000, 0x06360000, 0x06710000)
 tenured generation   total 75740K, used 51904K [0x0eca0000, 0x13697000, 0x24200000)
   the space 75740K,  68% used [0x0eca0000, 0x11f50290, 0x11f50400, 0x13697000)
 Metaspace       used 27794K, capacity 30291K, committed 30336K, reserved 31104K
Event: 771.502 GC heap after
Heap after GC invocations=119 (full 9):
 def new generation   total 34176K, used 3776K [0x04200000, 0x06710000, 0x0eca0000)
  eden space 30400K,   0% used [0x04200000, 0x04200000, 0x05fb0000)
  from space 3776K, 100% used [0x06360000, 0x06710000, 0x06710000)
  to   space 3776K,   0% used [0x05fb0000, 0x05fb0000, 0x06360000)
 tenured generation   total 75740K, used 57122K [0x0eca0000, 0x13697000, 0x24200000)
   the space 75740K,  75% used [0x0eca0000, 0x12468998, 0x12468a00, 0x13697000)
 Metaspace       used 27794K, capacity 30291K, committed 30336K, reserved 31104K
}
Event: 772.319 GC heap before
{Heap before GC invocations=119 (full 9):
 def new generation   total 34176K, used 34176K [0x04200000, 0x06710000, 0x0eca0000)
  eden space 30400K, 100% used [0x04200000, 0x05fb0000, 0x05fb0000)
  from space 3776K, 100% used [0x06360000, 0x06710000, 0x06710000)
  to   space 3776K,   0% used [0x05fb0000, 0x05fb0000, 0x06360000)
 tenured generation   total 75740K, used 57122K [0x0eca0000, 0x13697000, 0x24200000)
   the space 75740K,  75% used [0x0eca0000, 0x12468998, 0x12468a00, 0x13697000)
 Metaspace       used 27795K, capacity 30294K, committed 30336K, reserved 31104K
Event: 772.343 GC heap after
Heap after GC invocations=120 (full 9):
 def new generation   total 34176K, used 3776K [0x04200000, 0x06710000, 0x0eca0000)
  eden space 30400K,   0% used [0x04200000, 0x04200000, 0x05fb0000)
  from space 3776K, 100% used [0x05fb0000, 0x06360000, 0x06360000)
  to   space 3776K,   0% used [0x06360000, 0x06360000, 0x06710000)
 tenured generation   total 75740K, used 65681K [0x0eca0000, 0x13697000, 0x24200000)
   the space 75740K,  86% used [0x0eca0000, 0x12cc46a8, 0x12cc4800, 0x13697000)
 Metaspace       used 27795K, capacity 30294K, committed 30336K, reserved 31104K
}
Event: 777.620 GC heap before
{Heap before GC invocations=120 (full 9):
 def new generation   total 34176K, used 34176K [0x04200000, 0x06710000, 0x0eca0000)
  eden space 30400K, 100% used [0x04200000, 0x05fb0000, 0x05fb0000)
  from space 3776K, 100% used [0x05fb0000, 0x06360000, 0x06360000)
  to   space 3776K,   0% used [0x06360000, 0x06360000, 0x06710000)
 tenured generation   total 75740K, used 65681K [0x0eca0000, 0x13697000, 0x24200000)
   the space 75740K,  86% used [0x0eca0000, 0x12cc46a8, 0x12cc4800, 0x13697000)
 Metaspace       used 30211K, capacity 32719K, committed 32768K, reserved 33152K
Event: 777.644 GC heap after
Heap after GC invocations=121 (full 9):
 def new generation   total 34176K, used 3652K [0x04200000, 0x06710000, 0x0eca0000)
  eden space 30400K,   0% used [0x04200000, 0x04200000, 0x05fb0000)
  from space 3776K,  96% used [0x06360000, 0x066f12c8, 0x06710000)
  to   space 3776K,   0% used [0x05fb0000, 0x05fb0000, 0x06360000)
 tenured generation   total 75740K, used 69388K [0x0eca0000, 0x13697000, 0x24200000)
   the space 75740K,  91% used [0x0eca0000, 0x13063008, 0x13063200, 0x13697000)
 Metaspace       used 30211K, capacity 32719K, committed 32768K, reserved 33152K
}

